Determining if the pthread_create exist failed with the following output:
Change Dir: /home/pia/ros/work/build/CMakeFiles/CMakeTmp

Run Build Command:"/usr/bin/make" "cmTC_5609d/fast"
/usr/bin/make -f CMakeFiles/cmTC_5609d.dir/build.make CMakeFiles/cmTC_5609d.dir/build
make[1]: Entering directory '/home/pia/ros/work/build/CMakeFiles/CMakeTmp'
Building C object CMakeFiles/cmTC_5609d.dir/CheckSymbolExists.c.o
/usr/bin/cc     -o CMakeFiles/cmTC_5609d.dir/CheckSymbolExists.c.o   -c /home/pia/ros/work/build/CMakeFiles/CMakeTmp/CheckSymbolExists.c
Linking C executable cmTC_5609d
/usr/bin/cmake -E cmake_link_script CMakeFiles/cmTC_5609d.dir/link.txt --verbose=1
/usr/bin/cc       CMakeFiles/cmTC_5609d.dir/CheckSymbolExists.c.o  -o cmTC_5609d -rdynamic 
CMakeFiles/cmTC_5609d.dir/CheckSymbolExists.c.o: In function `main':
CheckSymbolExists.c:(.text+0x38): undefined reference to `pthread_create'
collect2: error: ld returned 1 exit status
CMakeFiles/cmTC_5609d.dir/build.make:97: recipe for target 'cmTC_5609d' failed
make[1]: *** [cmTC_5609d] Error 1
make[1]: Leaving directory '/home/pia/ros/work/build/CMakeFiles/CMakeTmp'
Makefile:126: recipe for target 'cmTC_5609d/fast' failed
make: *** [cmTC_5609d/fast] Error 2

File /home/pia/ros/work/build/CMakeFiles/CMakeTmp/CheckSymbolExists.c:
/* */
#include <pthread.h>

int main(int argc, char** argv)
{
  (void)argv;
#ifndef pthread_create
  return ((int*)(&pthread_create))[argc];
#else
  (void)argc;
  return 0;
#endif
}

Determining if the function pthread_create exists in the pthreads failed with the following output:
Change Dir: /home/pia/ros/work/build/CMakeFiles/CMakeTmp

Run Build Command:"/usr/bin/make" "cmTC_c6694/fast"
/usr/bin/make -f CMakeFiles/cmTC_c6694.dir/build.make CMakeFiles/cmTC_c6694.dir/build
make[1]: Entering directory '/home/pia/ros/work/build/CMakeFiles/CMakeTmp'
Building C object CMakeFiles/cmTC_c6694.dir/CheckFunctionExists.c.o
/usr/bin/cc    -DCHECK_FUNCTION_EXISTS=pthread_create   -o CMakeFiles/cmTC_c6694.dir/CheckFunctionExists.c.o   -c /usr/share/cmake-3.7/Modules/CheckFunctionExists.c
Linking C executable cmTC_c6694
/usr/bin/cmake -E cmake_link_script CMakeFiles/cmTC_c6694.dir/link.txt --verbose=1
/usr/bin/cc   -DCHECK_FUNCTION_EXISTS=pthread_create    CMakeFiles/cmTC_c6694.dir/CheckFunctionExists.c.o  -o cmTC_c6694 -rdynamic -lpthreads 
/usr/bin/ld: cannot find -lpthreads
collect2: error: ld returned 1 exit status
CMakeFiles/cmTC_c6694.dir/build.make:97: recipe for target 'cmTC_c6694' failed
make[1]: *** [cmTC_c6694] Error 1
make[1]: Leaving directory '/home/pia/ros/work/build/CMakeFiles/CMakeTmp'
Makefile:126: recipe for target 'cmTC_c6694/fast' failed
make: *** [cmTC_c6694/fast] Error 2


